<?xml version="1.0" encoding="UTF-8"?>
<testng-results ignored="0" total="1" passed="1" failed="0" skipped="0">
  <reporter-output>
  </reporter-output>
  <suite started-at="2025-08-19T16:47:20 IST" name="Default suite" finished-at="2025-08-19T16:47:58 IST" duration-ms="38003">
    <groups>
    </groups>
    <test started-at="2025-08-19T16:47:20 IST" name="Default test" finished-at="2025-08-19T16:47:58 IST" duration-ms="38003">
      <class name="Handling_Different_Controllers.SelectBoxTest">
        <test-method is-config="true" signature="setup()[pri:0, instance:Handling_Different_Controllers.SelectBoxTest@5489c777]" started-at="2025-08-19T16:47:20 IST" name="setup" finished-at="2025-08-19T16:47:58 IST" duration-ms="37580" status="PASS">
          <reporter-output>
          </reporter-output>
        </test-method> <!-- setup -->
        <test-method signature="testSelectBox()[pri:0, instance:Handling_Different_Controllers.SelectBoxTest@5489c777]" started-at="2025-08-19T16:47:58 IST" name="testSelectBox" finished-at="2025-08-19T16:47:58 IST" duration-ms="164" status="PASS">
          <reporter-output>
          </reporter-output>
        </test-method> <!-- testSelectBox -->
        <test-method is-config="true" signature="tearDown()[pri:0, instance:Handling_Different_Controllers.SelectBoxTest@5489c777]" started-at="2025-08-19T16:47:58 IST" name="tearDown" finished-at="2025-08-19T16:47:58 IST" duration-ms="215" status="PASS">
          <reporter-output>
          </reporter-output>
        </test-method> <!-- tearDown -->
      </class> <!-- Handling_Different_Controllers.SelectBoxTest -->
    </test> <!-- Default test -->
  </suite> <!-- Default suite -->
</testng-results>
