<?xml version="1.0" encoding="UTF-8"?>
<testng-results ignored="0" total="3" passed="3" failed="0" skipped="0">
  <reporter-output>
  </reporter-output>
  <suite started-at="2025-08-22T17:57:43 IST" name="Default suite" finished-at="2025-08-22T17:58:22 IST" duration-ms="38946">
    <groups>
      <group name="regression">
        <method signature="SmokeTesting.verifyHomePageLoads()[pri:0, instance:Practice_Topics.SmokeTesting@63f34b70]" name="verifyHomePageLoads" class="Practice_Topics.SmokeTesting"/>
        <method signature="SmokeTesting.verifyProfilePageLoads()[pri:0, instance:Practice_Topics.SmokeTesting@63f34b70]" name="verifyProfilePageLoads" class="Practice_Topics.SmokeTesting"/>
      </group> <!-- regression -->
      <group name="smoke">
        <method signature="SmokeTesting.verifyHomePageLoads()[pri:0, instance:Practice_Topics.SmokeTesting@63f34b70]" name="verifyHomePageLoads" class="Practice_Topics.SmokeTesting"/>
        <method signature="SmokeTesting.verifyLoginPageLoads()[pri:0, instance:Practice_Topics.SmokeTesting@63f34b70]" name="verifyLoginPageLoads" class="Practice_Topics.SmokeTesting"/>
      </group> <!-- smoke -->
    </groups>
    <test started-at="2025-08-22T17:57:43 IST" name="Default test" finished-at="2025-08-22T17:58:22 IST" duration-ms="38946">
      <class name="Practice_Topics.SmokeTesting">
        <test-method is-config="true" signature="setUp()[pri:0, instance:Practice_Topics.SmokeTesting@63f34b70]" started-at="2025-08-22T17:57:43 IST" name="setUp" finished-at="2025-08-22T17:57:46 IST" duration-ms="3601" status="PASS">
          <reporter-output>
          </reporter-output>
        </test-method> <!-- setUp -->
        <test-method signature="verifyHomePageLoads()[pri:0, instance:Practice_Topics.SmokeTesting@63f34b70]" started-at="2025-08-22T17:57:46 IST" name="verifyHomePageLoads" finished-at="2025-08-22T17:57:55 IST" duration-ms="9235" status="PASS">
          <reporter-output>
          </reporter-output>
        </test-method> <!-- verifyHomePageLoads -->
        <test-method is-config="true" signature="tearDown()[pri:0, instance:Practice_Topics.SmokeTesting@63f34b70]" started-at="2025-08-22T17:57:55 IST" name="tearDown" finished-at="2025-08-22T17:57:56 IST" duration-ms="264" status="PASS">
          <reporter-output>
          </reporter-output>
        </test-method> <!-- tearDown -->
        <test-method is-config="true" signature="setUp()[pri:0, instance:Practice_Topics.SmokeTesting@63f34b70]" started-at="2025-08-22T17:57:56 IST" name="setUp" finished-at="2025-08-22T17:57:57 IST" duration-ms="992" status="PASS">
          <reporter-output>
          </reporter-output>
        </test-method> <!-- setUp -->
        <test-method signature="verifyLoginPageLoads()[pri:0, instance:Practice_Topics.SmokeTesting@63f34b70]" started-at="2025-08-22T17:57:57 IST" name="verifyLoginPageLoads" finished-at="2025-08-22T17:58:17 IST" duration-ms="20370" status="PASS">
          <reporter-output>
          </reporter-output>
        </test-method> <!-- verifyLoginPageLoads -->
        <test-method is-config="true" signature="tearDown()[pri:0, instance:Practice_Topics.SmokeTesting@63f34b70]" started-at="2025-08-22T17:58:17 IST" name="tearDown" finished-at="2025-08-22T17:58:17 IST" duration-ms="191" status="PASS">
          <reporter-output>
          </reporter-output>
        </test-method> <!-- tearDown -->
        <test-method is-config="true" signature="setUp()[pri:0, instance:Practice_Topics.SmokeTesting@63f34b70]" started-at="2025-08-22T17:58:17 IST" name="setUp" finished-at="2025-08-22T17:58:18 IST" duration-ms="915" status="PASS">
          <reporter-output>
          </reporter-output>
        </test-method> <!-- setUp -->
        <test-method signature="verifyProfilePageLoads()[pri:0, instance:Practice_Topics.SmokeTesting@63f34b70]" started-at="2025-08-22T17:58:18 IST" name="verifyProfilePageLoads" finished-at="2025-08-22T17:58:21 IST" duration-ms="3234" status="PASS">
          <reporter-output>
          </reporter-output>
        </test-method> <!-- verifyProfilePageLoads -->
        <test-method is-config="true" signature="tearDown()[pri:0, instance:Practice_Topics.SmokeTesting@63f34b70]" started-at="2025-08-22T17:58:21 IST" name="tearDown" finished-at="2025-08-22T17:58:22 IST" duration-ms="89" status="PASS">
          <reporter-output>
          </reporter-output>
        </test-method> <!-- tearDown -->
      </class> <!-- Practice_Topics.SmokeTesting -->
    </test> <!-- Default test -->
  </suite> <!-- Default suite -->
</testng-results>
