<?xml version="1.0" encoding="UTF-8"?>
<!-- Generated by org.testng.reporters.JUnitXMLReporter -->
<testsuite ignored="0" hostname="HP" failures="0" tests="3" name="Default test" time="38.946" errors="0" timestamp="2025-08-22T17:58:22 IST">
  <testcase classname="Practice_Topics.SmokeTesting" name="verifyHomePageLoads" time="9.235"/>
  <testcase classname="Practice_Topics.SmokeTesting" name="verifyLoginPageLoads" time="20.37"/>
  <testcase classname="Practice_Topics.SmokeTesting" name="verifyProfilePageLoads" time="3.234"/>
</testsuite> <!-- Default test -->
